{"numFailedTestSuites":0,"numFailedTests":0,"numPassedTestSuites":1,"numPassedTests":1,"numPendingTestSuites":0,"numPendingTests":0,"numRuntimeErrorTestSuites":0,"numTodoTests":0,"numTotalTestSuites":1,"numTotalTests":1,"openHandles":[],"snapshot":{"added":0,"didUpdate":false,"failure":false,"filesAdded":0,"filesRemoved":0,"filesRemovedList":[],"filesUnmatched":0,"filesUpdated":0,"matched":0,"total":0,"unchecked":0,"uncheckedKeysByFile":[],"unmatched":0,"updated":0},"startTime":1708046510499,"success":true,"testResults":[{"assertionResults":[{"ancestorTitles":["Test Button"],"failureMessages":[],"fullName":"Test Button Test ","location":null,"status":"passed","title":"Test "}],"endTime":1708046511423,"message":"","name":"/Users/moppitz/Workspace/kolibri/kolibri-library/src/components/button/test/snapshot.spec.tsx","startTime":1708046510554,"status":"passed","summary":""}],"wasInterrupted":false}